17/10/27 12:15:09 INFO SparkContext: Running Spark version 2.1.0
17/10/27 12:15:10 WARN NativeCodeLoader: Unable to load native-hadoop library for your platform... using builtin-java classes where applicable
17/10/27 12:15:10 INFO SecurityManager: Changing view acls to: justin
17/10/27 12:15:10 INFO SecurityManager: Changing modify acls to: justin
17/10/27 12:15:10 INFO SecurityManager: Changing view acls groups to: 
17/10/27 12:15:10 INFO SecurityManager: Changing modify acls groups to: 
17/10/27 12:15:10 INFO SecurityManager: SecurityManager: authentication disabled; ui acls disabled; users  with view permissions: Set(justin); groups with view permissions: Set(); users  with modify permissions: Set(justin); groups with modify permissions: Set()
17/10/27 12:15:10 INFO Utils: Successfully started service 'sparkDriver' on port 54666.
17/10/27 12:15:10 INFO SparkEnv: Registering MapOutputTracker
17/10/27 12:15:10 INFO SparkEnv: Registering BlockManagerMaster
17/10/27 12:15:10 INFO BlockManagerMasterEndpoint: Using org.apache.spark.storage.DefaultTopologyMapper for getting topology information
17/10/27 12:15:10 INFO BlockManagerMasterEndpoint: BlockManagerMasterEndpoint up
17/10/27 12:15:10 INFO DiskBlockManager: Created local directory at C:\Users\justin\AppData\Local\Temp\blockmgr-5dc5477f-b1f9-487b-a49b-fedec2e26e07
17/10/27 12:15:10 INFO MemoryStore: MemoryStore started with capacity 366.3 MB
17/10/27 12:15:10 INFO SparkEnv: Registering OutputCommitCoordinator
17/10/27 12:15:11 INFO Utils: Successfully started service 'SparkUI' on port 4040.
17/10/27 12:15:11 INFO SparkUI: Bound SparkUI to 127.0.0.1, and started at http://127.0.0.1:4040
17/10/27 12:15:11 INFO SparkContext: Added JAR file:/C:/Users/justin/Documents/R/win-library/3.4/sparklyr/java/sparklyr-2.1-2.11.jar at spark://127.0.0.1:54666/jars/sparklyr-2.1-2.11.jar with timestamp 1509120911087
17/10/27 12:15:11 INFO Executor: Starting executor ID driver on host localhost
17/10/27 12:15:11 INFO Utils: Successfully started service 'org.apache.spark.network.netty.NettyBlockTransferService' on port 54687.
17/10/27 12:15:11 INFO NettyBlockTransferService: Server created on 127.0.0.1:54687
17/10/27 12:15:11 INFO BlockManager: Using org.apache.spark.storage.RandomBlockReplicationPolicy for block replication policy
17/10/27 12:15:11 INFO BlockManagerMaster: Registering BlockManager BlockManagerId(driver, 127.0.0.1, 54687, None)
17/10/27 12:15:11 INFO BlockManagerMasterEndpoint: Registering block manager 127.0.0.1:54687 with 366.3 MB RAM, BlockManagerId(driver, 127.0.0.1, 54687, None)
17/10/27 12:15:11 INFO BlockManagerMaster: Registered BlockManager BlockManagerId(driver, 127.0.0.1, 54687, None)
17/10/27 12:15:11 INFO BlockManager: Initialized BlockManager: BlockManagerId(driver, 127.0.0.1, 54687, None)
17/10/27 12:15:11 WARN SparkContext: Using an existing SparkContext; some configuration may not take effect.
17/10/27 12:15:11 INFO SharedState: Warehouse path is 'C:UsersjustinAppDataLocalsparkspark-2.1.0-bin-hadoop2.7	mphive'.
17/10/27 12:15:11 INFO HiveUtils: Initializing HiveMetastoreConnection version 1.2.1 using Spark classes.
17/10/27 12:15:12 INFO HiveMetaStore: 0: Opening raw store with implemenation class:org.apache.hadoop.hive.metastore.ObjectStore
17/10/27 12:15:12 INFO ObjectStore: ObjectStore, initialize called
17/10/27 12:15:13 INFO Persistence: Property hive.metastore.integral.jdo.pushdown unknown - will be ignored
17/10/27 12:15:13 INFO Persistence: Property datanucleus.cache.level2 unknown - will be ignored
17/10/27 12:15:14 INFO ObjectStore: Setting MetaStore object pin classes with hive.metastore.cache.pinobjtypes="Table,StorageDescriptor,SerDeInfo,Partition,Database,Type,FieldSchema,Order"
17/10/27 12:15:15 INFO Datastore: The class "org.apache.hadoop.hive.metastore.model.MFieldSchema" is tagged as "embedded-only" so does not have its own datastore table.
17/10/27 12:15:15 INFO Datastore: The class "org.apache.hadoop.hive.metastore.model.MOrder" is tagged as "embedded-only" so does not have its own datastore table.
17/10/27 12:15:16 INFO Datastore: The class "org.apache.hadoop.hive.metastore.model.MFieldSchema" is tagged as "embedded-only" so does not have its own datastore table.
17/10/27 12:15:16 INFO Datastore: The class "org.apache.hadoop.hive.metastore.model.MOrder" is tagged as "embedded-only" so does not have its own datastore table.
17/10/27 12:15:16 INFO MetaStoreDirectSql: Using direct SQL, underlying DB is DERBY
17/10/27 12:15:16 INFO ObjectStore: Initialized ObjectStore
17/10/27 12:15:17 WARN ObjectStore: Version information not found in metastore. hive.metastore.schema.verification is not enabled so recording the schema version 1.2.0
17/10/27 12:15:17 WARN ObjectStore: Failed to get database default, returning NoSuchObjectException
17/10/27 12:15:17 INFO HiveMetaStore: Added admin role in metastore
17/10/27 12:15:17 INFO HiveMetaStore: Added public role in metastore
17/10/27 12:15:17 INFO HiveMetaStore: No user is added in admin role, since config is empty
17/10/27 12:15:17 INFO HiveMetaStore: 0: get_all_databases
17/10/27 12:15:17 INFO audit: ugi=justin	ip=unknown-ip-addr	cmd=get_all_databases	
17/10/27 12:15:17 INFO HiveMetaStore: 0: get_functions: db=default pat=*
17/10/27 12:15:17 INFO audit: ugi=justin	ip=unknown-ip-addr	cmd=get_functions: db=default pat=*	
17/10/27 12:15:17 INFO Datastore: The class "org.apache.hadoop.hive.metastore.model.MResourceUri" is tagged as "embedded-only" so does not have its own datastore table.
17/10/27 12:15:18 INFO SessionState: Created local directory: C:/Users/justin/AppData/Local/Temp/0ed34f04-a59c-4172-94ec-eda2213b533c_resources
17/10/27 12:15:18 INFO SessionState: Created HDFS directory: C:/Users/justin/AppData/Local/spark/spark-2.1.0-bin-hadoop2.7/tmp/hive/justin/0ed34f04-a59c-4172-94ec-eda2213b533c
17/10/27 12:15:18 INFO SessionState: Created local directory: C:/Users/justin/AppData/Local/spark/spark-2.1.0-bin-hadoop2.7/tmp/hive/0ed34f04-a59c-4172-94ec-eda2213b533c
17/10/27 12:15:18 INFO SessionState: Created HDFS directory: C:/Users/justin/AppData/Local/spark/spark-2.1.0-bin-hadoop2.7/tmp/hive/justin/0ed34f04-a59c-4172-94ec-eda2213b533c/_tmp_space.db
17/10/27 12:15:18 INFO HiveClientImpl: Warehouse location for Hive client (version 1.2.1) is C:UsersjustinAppDataLocalsparkspark-2.1.0-bin-hadoop2.7	mphive
17/10/27 12:15:18 INFO HiveMetaStore: 0: get_database: default
17/10/27 12:15:18 INFO audit: ugi=justin	ip=unknown-ip-addr	cmd=get_database: default	
17/10/27 12:15:18 INFO HiveMetaStore: 0: get_database: global_temp
17/10/27 12:15:18 INFO audit: ugi=justin	ip=unknown-ip-addr	cmd=get_database: global_temp	
17/10/27 12:15:18 WARN ObjectStore: Failed to get database global_temp, returning NoSuchObjectException
17/10/27 12:15:18 INFO SparkSqlParser: Parsing command: SHOW TABLES
17/10/27 12:15:20 INFO HiveMetaStore: 0: get_database: default
17/10/27 12:15:20 INFO audit: ugi=justin	ip=unknown-ip-addr	cmd=get_database: default	
17/10/27 12:15:20 INFO HiveMetaStore: 0: get_database: default
17/10/27 12:15:20 INFO audit: ugi=justin	ip=unknown-ip-addr	cmd=get_database: default	
17/10/27 12:15:20 INFO HiveMetaStore: 0: get_tables: db=default pat=*
17/10/27 12:15:20 INFO audit: ugi=justin	ip=unknown-ip-addr	cmd=get_tables: db=default pat=*	
17/10/27 12:15:21 WARN SparkSession$Builder: Using an existing SparkSession; some configuration may not take effect.
17/10/27 12:15:21 INFO SparkSqlParser: Parsing command: SHOW TABLES
17/10/27 12:15:21 INFO HiveMetaStore: 0: get_database: default
17/10/27 12:15:21 INFO audit: ugi=justin	ip=unknown-ip-addr	cmd=get_database: default	
17/10/27 12:15:21 INFO HiveMetaStore: 0: get_database: default
17/10/27 12:15:21 INFO audit: ugi=justin	ip=unknown-ip-addr	cmd=get_database: default	
17/10/27 12:15:21 INFO HiveMetaStore: 0: get_tables: db=default pat=*
17/10/27 12:15:21 INFO audit: ugi=justin	ip=unknown-ip-addr	cmd=get_tables: db=default pat=*	
17/10/27 12:39:24 INFO SparkContext: Invoking stop() from shutdown hook
17/10/27 12:39:24 INFO SparkUI: Stopped Spark web UI at http://127.0.0.1:4040
17/10/27 12:39:24 INFO MapOutputTrackerMasterEndpoint: MapOutputTrackerMasterEndpoint stopped!
17/10/27 12:39:24 INFO MemoryStore: MemoryStore cleared
17/10/27 12:39:24 INFO BlockManager: BlockManager stopped
17/10/27 12:39:24 INFO BlockManagerMaster: BlockManagerMaster stopped
17/10/27 12:39:24 INFO OutputCommitCoordinator$OutputCommitCoordinatorEndpoint: OutputCommitCoordinator stopped!
17/10/27 12:39:24 INFO SparkContext: Successfully stopped SparkContext
17/10/27 12:39:24 INFO ShutdownHookManager: Shutdown hook called
17/10/27 12:39:24 INFO ShutdownHookManager: Deleting directory C:\Users\justin\AppData\Local\Temp\spark-6f18a9ff-3a72-42de-a90c-80b4afd56b5a
17/10/27 12:51:26 INFO SparkContext: Running Spark version 2.1.0
17/10/27 12:51:26 WARN NativeCodeLoader: Unable to load native-hadoop library for your platform... using builtin-java classes where applicable
17/10/27 12:51:26 INFO SecurityManager: Changing view acls to: justin
17/10/27 12:51:26 INFO SecurityManager: Changing modify acls to: justin
17/10/27 12:51:26 INFO SecurityManager: Changing view acls groups to: 
17/10/27 12:51:26 INFO SecurityManager: Changing modify acls groups to: 
17/10/27 12:51:26 INFO SecurityManager: SecurityManager: authentication disabled; ui acls disabled; users  with view permissions: Set(justin); groups with view permissions: Set(); users  with modify permissions: Set(justin); groups with modify permissions: Set()
17/10/27 12:51:26 INFO Utils: Successfully started service 'sparkDriver' on port 54842.
17/10/27 12:51:26 INFO SparkEnv: Registering MapOutputTracker
17/10/27 12:51:26 INFO SparkEnv: Registering BlockManagerMaster
17/10/27 12:51:26 INFO BlockManagerMasterEndpoint: Using org.apache.spark.storage.DefaultTopologyMapper for getting topology information
17/10/27 12:51:26 INFO BlockManagerMasterEndpoint: BlockManagerMasterEndpoint up
17/10/27 12:51:27 INFO DiskBlockManager: Created local directory at C:\Users\justin\AppData\Local\Temp\blockmgr-1431b265-1fca-4f01-9d9c-b3bdea6acf5f
17/10/27 12:51:27 INFO MemoryStore: MemoryStore started with capacity 366.3 MB
17/10/27 12:51:27 INFO SparkEnv: Registering OutputCommitCoordinator
17/10/27 12:51:27 INFO Utils: Successfully started service 'SparkUI' on port 4040.
17/10/27 12:51:27 INFO SparkUI: Bound SparkUI to 127.0.0.1, and started at http://127.0.0.1:4040
17/10/27 12:51:27 INFO SparkContext: Added JAR file:/C:/Users/justin/Documents/R/win-library/3.4/sparklyr/java/sparklyr-2.1-2.11.jar at spark://127.0.0.1:54842/jars/sparklyr-2.1-2.11.jar with timestamp 1509123087437
17/10/27 12:51:27 INFO Executor: Starting executor ID driver on host localhost
17/10/27 12:51:27 INFO Utils: Successfully started service 'org.apache.spark.network.netty.NettyBlockTransferService' on port 54863.
17/10/27 12:51:27 INFO NettyBlockTransferService: Server created on 127.0.0.1:54863
17/10/27 12:51:27 INFO BlockManager: Using org.apache.spark.storage.RandomBlockReplicationPolicy for block replication policy
17/10/27 12:51:27 INFO BlockManagerMaster: Registering BlockManager BlockManagerId(driver, 127.0.0.1, 54863, None)
17/10/27 12:51:27 INFO BlockManagerMasterEndpoint: Registering block manager 127.0.0.1:54863 with 366.3 MB RAM, BlockManagerId(driver, 127.0.0.1, 54863, None)
17/10/27 12:51:27 INFO BlockManagerMaster: Registered BlockManager BlockManagerId(driver, 127.0.0.1, 54863, None)
17/10/27 12:51:27 INFO BlockManager: Initialized BlockManager: BlockManagerId(driver, 127.0.0.1, 54863, None)
17/10/27 12:51:28 WARN SparkContext: Using an existing SparkContext; some configuration may not take effect.
17/10/27 12:51:28 INFO SharedState: Warehouse path is 'C:UsersjustinAppDataLocalsparkspark-2.1.0-bin-hadoop2.7	mphive'.
17/10/27 12:51:28 INFO HiveUtils: Initializing HiveMetastoreConnection version 1.2.1 using Spark classes.
17/10/27 12:51:29 INFO HiveMetaStore: 0: Opening raw store with implemenation class:org.apache.hadoop.hive.metastore.ObjectStore
17/10/27 12:51:29 INFO ObjectStore: ObjectStore, initialize called
17/10/27 12:51:29 INFO Persistence: Property hive.metastore.integral.jdo.pushdown unknown - will be ignored
17/10/27 12:51:29 INFO Persistence: Property datanucleus.cache.level2 unknown - will be ignored
17/10/27 12:51:31 INFO ObjectStore: Setting MetaStore object pin classes with hive.metastore.cache.pinobjtypes="Table,StorageDescriptor,SerDeInfo,Partition,Database,Type,FieldSchema,Order"
17/10/27 12:51:32 INFO Datastore: The class "org.apache.hadoop.hive.metastore.model.MFieldSchema" is tagged as "embedded-only" so does not have its own datastore table.
17/10/27 12:51:32 INFO Datastore: The class "org.apache.hadoop.hive.metastore.model.MOrder" is tagged as "embedded-only" so does not have its own datastore table.
17/10/27 12:51:33 INFO Datastore: The class "org.apache.hadoop.hive.metastore.model.MFieldSchema" is tagged as "embedded-only" so does not have its own datastore table.
17/10/27 12:51:33 INFO Datastore: The class "org.apache.hadoop.hive.metastore.model.MOrder" is tagged as "embedded-only" so does not have its own datastore table.
17/10/27 12:51:33 INFO MetaStoreDirectSql: Using direct SQL, underlying DB is DERBY
17/10/27 12:51:33 INFO ObjectStore: Initialized ObjectStore
17/10/27 12:51:33 WARN ObjectStore: Version information not found in metastore. hive.metastore.schema.verification is not enabled so recording the schema version 1.2.0
17/10/27 12:51:33 WARN ObjectStore: Failed to get database default, returning NoSuchObjectException
17/10/27 12:51:34 INFO HiveMetaStore: Added admin role in metastore
17/10/27 12:51:34 INFO HiveMetaStore: Added public role in metastore
17/10/27 12:51:34 INFO HiveMetaStore: No user is added in admin role, since config is empty
17/10/27 12:51:34 INFO HiveMetaStore: 0: get_all_databases
17/10/27 12:51:34 INFO audit: ugi=justin	ip=unknown-ip-addr	cmd=get_all_databases	
17/10/27 12:51:34 INFO HiveMetaStore: 0: get_functions: db=default pat=*
17/10/27 12:51:34 INFO audit: ugi=justin	ip=unknown-ip-addr	cmd=get_functions: db=default pat=*	
17/10/27 12:51:34 INFO Datastore: The class "org.apache.hadoop.hive.metastore.model.MResourceUri" is tagged as "embedded-only" so does not have its own datastore table.
17/10/27 12:51:34 INFO SessionState: Created local directory: C:/Users/justin/AppData/Local/Temp/81206509-f2eb-4d27-a949-97a138e4c9d0_resources
17/10/27 12:51:34 INFO SessionState: Created HDFS directory: C:/Users/justin/AppData/Local/spark/spark-2.1.0-bin-hadoop2.7/tmp/hive/justin/81206509-f2eb-4d27-a949-97a138e4c9d0
17/10/27 12:51:34 INFO SessionState: Created local directory: C:/Users/justin/AppData/Local/spark/spark-2.1.0-bin-hadoop2.7/tmp/hive/81206509-f2eb-4d27-a949-97a138e4c9d0
17/10/27 12:51:34 INFO SessionState: Created HDFS directory: C:/Users/justin/AppData/Local/spark/spark-2.1.0-bin-hadoop2.7/tmp/hive/justin/81206509-f2eb-4d27-a949-97a138e4c9d0/_tmp_space.db
17/10/27 12:51:34 INFO HiveClientImpl: Warehouse location for Hive client (version 1.2.1) is C:UsersjustinAppDataLocalsparkspark-2.1.0-bin-hadoop2.7	mphive
17/10/27 12:51:34 INFO HiveMetaStore: 0: get_database: default
17/10/27 12:51:34 INFO audit: ugi=justin	ip=unknown-ip-addr	cmd=get_database: default	
17/10/27 12:51:34 INFO HiveMetaStore: 0: get_database: global_temp
17/10/27 12:51:34 INFO audit: ugi=justin	ip=unknown-ip-addr	cmd=get_database: global_temp	
17/10/27 12:51:34 WARN ObjectStore: Failed to get database global_temp, returning NoSuchObjectException
17/10/27 12:51:34 INFO SparkSqlParser: Parsing command: SHOW TABLES
17/10/27 12:51:37 INFO HiveMetaStore: 0: get_database: default
17/10/27 12:51:37 INFO audit: ugi=justin	ip=unknown-ip-addr	cmd=get_database: default	
17/10/27 12:51:37 INFO HiveMetaStore: 0: get_database: default
17/10/27 12:51:37 INFO audit: ugi=justin	ip=unknown-ip-addr	cmd=get_database: default	
17/10/27 12:51:37 INFO HiveMetaStore: 0: get_tables: db=default pat=*
17/10/27 12:51:37 INFO audit: ugi=justin	ip=unknown-ip-addr	cmd=get_tables: db=default pat=*	
17/10/27 12:51:37 WARN SparkSession$Builder: Using an existing SparkSession; some configuration may not take effect.
17/10/27 12:51:37 INFO SparkSqlParser: Parsing command: SHOW TABLES
17/10/27 12:51:37 INFO HiveMetaStore: 0: get_database: default
17/10/27 12:51:37 INFO audit: ugi=justin	ip=unknown-ip-addr	cmd=get_database: default	
17/10/27 12:51:37 INFO HiveMetaStore: 0: get_database: default
17/10/27 12:51:37 INFO audit: ugi=justin	ip=unknown-ip-addr	cmd=get_database: default	
17/10/27 12:51:37 INFO HiveMetaStore: 0: get_tables: db=default pat=*
17/10/27 12:51:37 INFO audit: ugi=justin	ip=unknown-ip-addr	cmd=get_tables: db=default pat=*	
17/10/27 12:51:48 INFO SparkContext: Invoking stop() from shutdown hook
17/10/27 12:51:48 INFO SparkUI: Stopped Spark web UI at http://127.0.0.1:4040
17/10/27 12:51:48 INFO MapOutputTrackerMasterEndpoint: MapOutputTrackerMasterEndpoint stopped!
17/10/27 12:51:48 INFO MemoryStore: MemoryStore cleared
17/10/27 12:51:48 INFO BlockManager: BlockManager stopped
17/10/27 12:51:48 INFO BlockManagerMaster: BlockManagerMaster stopped
17/10/27 12:51:48 INFO OutputCommitCoordinator$OutputCommitCoordinatorEndpoint: OutputCommitCoordinator stopped!
17/10/27 12:51:48 INFO SparkContext: Successfully stopped SparkContext
17/10/27 12:51:48 INFO ShutdownHookManager: Shutdown hook called
17/10/27 12:51:48 INFO ShutdownHookManager: Deleting directory C:\Users\justin\AppData\Local\Temp\spark-282890d2-14e7-4ad0-b738-4763b407b547
